Using pre-set license
Built from '2020.3/staging' branch; Version is '2020.3.23f1 (c5d91304a876) revision 12966163'; Using compiler version '192528614'; Build Type 'Release'
OS: 'Windows 10 Pro; OS build 19042.1348; Version 2009; 64bit' Language: 'ru' Physical Memory: 7167 MB
BatchMode: 1, IsHumanControllingUs: 0, StartBugReporterOnCrash: 0, Is64bit: 1, IsPro: 0

COMMAND LINE ARGUMENTS:
C:\UnityEdit\2020.3.23f1\Editor\Unity.exe
-adb2
-batchMode
-noUpm
-name
AssetImportWorker5
-projectPath
C:/UnityBirds/Trainee
-logFile
Logs/AssetImportWorker5.log
-srvPort
50487
Successfully changed project path to: C:/UnityBirds/Trainee
C:/UnityBirds/Trainee
Using Asset Import Pipeline V2.
Refreshing native plugins compatible for Editor in 175.23 ms, found 3 plugins.
Preloading 0 native plugins for Editor in 0.00 ms.
Initialize engine version: 2020.3.23f1 (c5d91304a876)
[Subsystems] Discovering subsystems at path C:/UnityEdit/2020.3.23f1/Editor/Data/Resources/UnitySubsystems
[Subsystems] Discovering subsystems at path C:/UnityBirds/Trainee/Assets
GfxDevice: creating device client; threaded=0
Direct3D:
    Version:  Direct3D 11.0 [level 10.0]
    Renderer: NVIDIA GeForce 9600 GT (ID=0x622)
    Vendor:   
    VRAM:     482 MB
    Driver:   9.18.13.4174
Initialize mono
Mono path[0] = 'C:/UnityEdit/2020.3.23f1/Editor/Data/Managed'
Mono path[1] = 'C:/UnityEdit/2020.3.23f1/Editor/Data/MonoBleedingEdge/lib/mono/unityjit'
Mono config path = 'C:/UnityEdit/2020.3.23f1/Editor/Data/MonoBleedingEdge/etc'
Using monoOptions --debugger-agent=transport=dt_socket,embedding=1,server=y,suspend=n,address=127.0.0.1:56964
Begin MonoManager ReloadAssembly
Registering precompiled unity dll's ...
Register platform support module: C:/UnityEdit/2020.3.23f1/Editor/Data/PlaybackEngines/WindowsStandaloneSupport/UnityEditor.WindowsStandalone.Extensions.dll
Registered in 0.006276 seconds.
Native extension for WindowsStandalone target not found
Refreshing native plugins compatible for Editor in 167.18 ms, found 3 plugins.
Preloading 0 native plugins for Editor in 0.00 ms.
Mono: successfully reloaded assembly
- Completed reload, in  3.030 seconds
Domain Reload Profiling:
	ReloadAssembly (3031ms)
		BeginReloadAssembly (260ms)
			ExecutionOrderSort (0ms)
			DisableScriptedObjects (0ms)
			BackupInstance (0ms)
			ReleaseScriptingObjects (0ms)
			CreateAndSetChildDomain (3ms)
		EndReloadAssembly (2483ms)
			LoadAssemblies (255ms)
			RebuildTransferFunctionScriptingTraits (0ms)
			SetupTypeCache (710ms)
			ReleaseScriptCaches (0ms)
			RebuildScriptCaches (129ms)
			SetupLoadedEditorAssemblies (1014ms)
				LogAssemblyErrors (0ms)
				InitializePlatformSupportModulesInManaged (32ms)
				SetLoadedEditorAssemblies (1ms)
				RefreshPlugins (167ms)
				BeforeProcessingInitializeOnLoad (66ms)
				ProcessInitializeOnLoadAttributes (588ms)
				ProcessInitializeOnLoadMethodAttributes (159ms)
				AfterProcessingInitializeOnLoad (0ms)
				EditorAssembliesLoaded (1ms)
			ExecutionOrderSort2 (0ms)
			AwakeInstancesAfterBackupRestoration (0ms)
Platform modules already initialized, skipping
Registering precompiled user dll's ...
Registered in 0.014280 seconds.
Begin MonoManager ReloadAssembly
Native extension for WindowsStandalone target not found
Refreshing native plugins compatible for Editor in 179.20 ms, found 3 plugins.
Preloading 0 native plugins for Editor in 0.00 ms.
Mono: successfully reloaded assembly
- Completed reload, in  6.907 seconds
Domain Reload Profiling:
	ReloadAssembly (6917ms)
		BeginReloadAssembly (710ms)
			ExecutionOrderSort (3ms)
			DisableScriptedObjects (55ms)
			BackupInstance (0ms)
			ReleaseScriptingObjects (0ms)
			CreateAndSetChildDomain (83ms)
		EndReloadAssembly (5867ms)
			LoadAssemblies (1093ms)
			RebuildTransferFunctionScriptingTraits (0ms)
			SetupTypeCache (1632ms)
			ReleaseScriptCaches (1ms)
			RebuildScriptCaches (217ms)
			SetupLoadedEditorAssemblies (2228ms)
				LogAssemblyErrors (0ms)
				InitializePlatformSupportModulesInManaged (21ms)
				SetLoadedEditorAssemblies (1ms)
				RefreshPlugins (179ms)
				BeforeProcessingInitializeOnLoad (265ms)
				ProcessInitializeOnLoadAttributes (1644ms)
				ProcessInitializeOnLoadMethodAttributes (93ms)
				AfterProcessingInitializeOnLoad (24ms)
				EditorAssembliesLoaded (1ms)
			ExecutionOrderSort2 (0ms)
			AwakeInstancesAfterBackupRestoration (26ms)
Platform modules already initialized, skipping
========================================================================
Worker process is ready to serve import requests
Launched and connected shader compiler UnityShaderCompiler.exe after 0.39 seconds
Refreshing native plugins compatible for Editor in 1.31 ms, found 3 plugins.
Preloading 0 native plugins for Editor in 0.00 ms.
Unloading 2197 Unused Serialized files (Serialized files now loaded: 0)
System memory in use before: 108.6 MB.
System memory in use after: 108.7 MB.

Unloading 25 unused Assets to reduce memory usage. Loaded Objects now: 2641.
Total: 29.749312 ms (FindLiveObjects: 0.907657 ms CreateObjectMapping: 0.360102 ms MarkObjects: 28.192689 ms  DeleteObjects: 0.275175 ms)

AssetImportParameters requested are different than current active one (requested -> active):
  custom:framework-win-MediaFoundation: 216162199b28c13a410421893ffa2e32 -> 
  custom:video-decoder-ogg-theora: a1e56fd34408186e4bbccfd4996cb3dc -> 
  custom:container-muxer-webm: aa71ff27fc2769a1b78a27578f13a17b -> 
  custom:container-demuxer-webm: 4f35f7cbe854078d1ac9338744f61a02 -> 
  custom:container-demuxer-ogg: 62fdf1f143b41e24485cea50d1cbac27 -> 
  custom:video-encoder-webm-vp8: eb34c28f22e8b96e1ab97ce403110664 -> 
  custom:video-decoder-webm-vp8: 9c59270c3fd7afecdb556c50c9e8de78 -> 
  custom:audio-decoder-ogg-vorbis: bf7c407c2cedff20999df2af8eb42d56 -> 
  custom:audio-encoder-webm-vorbis: bf7c407c2cedff20999df2af8eb42d56 -> 
========================================================================
Received Import Request.
  path: Assets/torso.fbx
  artifactKey: Guid(d59c22a07c66d144faacd4ceb0b91546) Importer(815301076,1909f56bfc062723c751e8b465ee728b)
Start importing Assets/torso.fbx using Guid(d59c22a07c66d144faacd4ceb0b91546) Importer(815301076,1909f56bfc062723c751e8b465ee728b)  -> (artifact id: '81b01a4f90466f8a8c234d36d9acd862') in 1.796318 seconds 
  Import took 1.820681 seconds .

========================================================================
Received Import Request.
  Time since last request: 6949.595484 seconds.
  path: Assets/untitled.fbx
  artifactKey: Guid(e702b7f1877667c49944a5396cac71b2) Importer(815301076,1909f56bfc062723c751e8b465ee728b)
Start importing Assets/untitled.fbx using Guid(e702b7f1877667c49944a5396cac71b2) Importer(815301076,1909f56bfc062723c751e8b465ee728b)  -> (artifact id: 'dd9e67bca8d516a43cd83367b5262219') in 0.845684 seconds 
  Import took 1.076638 seconds .

========================================================================
Received Import Request.
  Time since last request: 108.889395 seconds.
  path: Assets/Mech_0_1.fbx
  artifactKey: Guid(0fd71170c91a10d49ac6c22392cdc790) Importer(815301076,1909f56bfc062723c751e8b465ee728b)
Start importing Assets/Mech_0_1.fbx using Guid(0fd71170c91a10d49ac6c22392cdc790) Importer(815301076,1909f56bfc062723c751e8b465ee728b)  -> (artifact id: '8ce34cc624825dd3c91804ce3d2f51c8') in 0.174536 seconds 
  Import took 0.201708 seconds .

========================================================================
Received Import Request.
  Time since last request: 4525.430647 seconds.
  path: Assets/Mech_0_2.fbx
  artifactKey: Guid(acaaf1d1189d843479b0311f64466116) Importer(815301076,1909f56bfc062723c751e8b465ee728b)
Start importing Assets/Mech_0_2.fbx using Guid(acaaf1d1189d843479b0311f64466116) Importer(815301076,1909f56bfc062723c751e8b465ee728b)  -> (artifact id: '8149f0dbb01517185cba38a2ae1a6950') in 0.405819 seconds 
  Import took 0.457333 seconds .

========================================================================
Received Prepare
Registering precompiled user dll's ...
Registered in 0.113488 seconds.
Begin MonoManager ReloadAssembly
Native extension for WindowsStandalone target not found
Refreshing native plugins compatible for Editor in 1.43 ms, found 3 plugins.
Preloading 0 native plugins for Editor in 0.00 ms.
Mono: successfully reloaded assembly
- Completed reload, in  5.355 seconds
Domain Reload Profiling:
	ReloadAssembly (5369ms)
		BeginReloadAssembly (1058ms)
			ExecutionOrderSort (0ms)
			DisableScriptedObjects (160ms)
			BackupInstance (0ms)
			ReleaseScriptingObjects (0ms)
			CreateAndSetChildDomain (404ms)
		EndReloadAssembly (3993ms)
			LoadAssemblies (566ms)
			RebuildTransferFunctionScriptingTraits (1ms)
			SetupTypeCache (1298ms)
			ReleaseScriptCaches (5ms)
			RebuildScriptCaches (163ms)
			SetupLoadedEditorAssemblies (1449ms)
				LogAssemblyErrors (0ms)
				InitializePlatformSupportModulesInManaged (17ms)
				SetLoadedEditorAssemblies (3ms)
				RefreshPlugins (2ms)
				BeforeProcessingInitializeOnLoad (244ms)
				ProcessInitializeOnLoadAttributes (1130ms)
				ProcessInitializeOnLoadMethodAttributes (35ms)
				AfterProcessingInitializeOnLoad (15ms)
				EditorAssembliesLoaded (1ms)
			ExecutionOrderSort2 (0ms)
			AwakeInstancesAfterBackupRestoration (28ms)
Platform modules already initialized, skipping
Refreshing native plugins compatible for Editor in 2.08 ms, found 3 plugins.
Preloading 0 native plugins for Editor in 0.00 ms.
Unloading 2157 Unused Serialized files (Serialized files now loaded: 0)
System memory in use before: 108.7 MB.
System memory in use after: 108.8 MB.

Unloading 19 unused Assets to reduce memory usage. Loaded Objects now: 2686.
Total: 10.801093 ms (FindLiveObjects: 1.026667 ms CreateObjectMapping: 0.363175 ms MarkObjects: 9.211785 ms  DeleteObjects: 0.184102 ms)

AssetImportParameters requested are different than current active one (requested -> active):
  custom:framework-win-MediaFoundation: 216162199b28c13a410421893ffa2e32 -> 
  custom:video-decoder-ogg-theora: a1e56fd34408186e4bbccfd4996cb3dc -> 
  custom:container-muxer-webm: aa71ff27fc2769a1b78a27578f13a17b -> 
  custom:container-demuxer-webm: 4f35f7cbe854078d1ac9338744f61a02 -> 
  custom:container-demuxer-ogg: 62fdf1f143b41e24485cea50d1cbac27 -> 
  custom:video-encoder-webm-vp8: eb34c28f22e8b96e1ab97ce403110664 -> 
  custom:video-decoder-webm-vp8: 9c59270c3fd7afecdb556c50c9e8de78 -> 
  custom:audio-decoder-ogg-vorbis: bf7c407c2cedff20999df2af8eb42d56 -> 
  custom:audio-encoder-webm-vorbis: bf7c407c2cedff20999df2af8eb42d56 -> 
========================================================================
Received Import Request.
  Time since last request: 433.025242 seconds.
  path: Assets/Mech_0_2.fbx
  artifactKey: Guid(acaaf1d1189d843479b0311f64466116) Importer(815301076,1909f56bfc062723c751e8b465ee728b)
Start importing Assets/Mech_0_2.fbx using Guid(acaaf1d1189d843479b0311f64466116) Importer(815301076,1909f56bfc062723c751e8b465ee728b)  -> (artifact id: '0791c2079c6ecd2700f15bead86b07e8') in 0.639512 seconds 
  Import took 0.711272 seconds .

========================================================================
Received Import Request.
  Time since last request: 2024.072358 seconds.
  path: Assets/Mech_0_3.fbx
  artifactKey: Guid(178df66b247342c42b95312dfb4a61ce) Importer(815301076,1909f56bfc062723c751e8b465ee728b)
Start importing Assets/Mech_0_3.fbx using Guid(178df66b247342c42b95312dfb4a61ce) Importer(815301076,1909f56bfc062723c751e8b465ee728b)  -> (artifact id: '7eef41b2b579719ddd971f66e00f363e') in 0.442536 seconds 
  Import took 0.669847 seconds .

========================================================================
Received Prepare
Registering precompiled user dll's ...
Registered in 0.021588 seconds.
Begin MonoManager ReloadAssembly
Native extension for WindowsStandalone target not found
Refreshing native plugins compatible for Editor in 1.40 ms, found 3 plugins.
Preloading 0 native plugins for Editor in 0.00 ms.
Mono: successfully reloaded assembly
- Completed reload, in  7.813 seconds
Domain Reload Profiling:
	ReloadAssembly (7825ms)
		BeginReloadAssembly (1965ms)
			ExecutionOrderSort (0ms)
			DisableScriptedObjects (71ms)
			BackupInstance (0ms)
			ReleaseScriptingObjects (1ms)
			CreateAndSetChildDomain (1177ms)
		EndReloadAssembly (5610ms)
			LoadAssemblies (1015ms)
			RebuildTransferFunctionScriptingTraits (0ms)
			SetupTypeCache (2083ms)
			ReleaseScriptCaches (4ms)
			RebuildScriptCaches (289ms)
			SetupLoadedEditorAssemblies (1902ms)
				LogAssemblyErrors (0ms)
				InitializePlatformSupportModulesInManaged (22ms)
				SetLoadedEditorAssemblies (3ms)
				RefreshPlugins (2ms)
				BeforeProcessingInitializeOnLoad (314ms)
				ProcessInitializeOnLoadAttributes (1491ms)
				ProcessInitializeOnLoadMethodAttributes (49ms)
				AfterProcessingInitializeOnLoad (20ms)
				EditorAssembliesLoaded (1ms)
			ExecutionOrderSort2 (0ms)
			AwakeInstancesAfterBackupRestoration (39ms)
Platform modules already initialized, skipping
Refreshing native plugins compatible for Editor in 3.38 ms, found 3 plugins.
Preloading 0 native plugins for Editor in 0.00 ms.
Unloading 2157 Unused Serialized files (Serialized files now loaded: 0)
System memory in use before: 108.7 MB.
System memory in use after: 108.8 MB.

Unloading 18 unused Assets to reduce memory usage. Loaded Objects now: 2689.
Total: 11.331887 ms (FindLiveObjects: 0.794235 ms CreateObjectMapping: 0.332165 ms MarkObjects: 9.991493 ms  DeleteObjects: 0.198629 ms)

AssetImportParameters requested are different than current active one (requested -> active):
  custom:framework-win-MediaFoundation: 216162199b28c13a410421893ffa2e32 -> 
  custom:video-decoder-ogg-theora: a1e56fd34408186e4bbccfd4996cb3dc -> 
  custom:container-muxer-webm: aa71ff27fc2769a1b78a27578f13a17b -> 
  custom:container-demuxer-webm: 4f35f7cbe854078d1ac9338744f61a02 -> 
  custom:container-demuxer-ogg: 62fdf1f143b41e24485cea50d1cbac27 -> 
  custom:video-encoder-webm-vp8: eb34c28f22e8b96e1ab97ce403110664 -> 
  custom:video-decoder-webm-vp8: 9c59270c3fd7afecdb556c50c9e8de78 -> 
  custom:audio-decoder-ogg-vorbis: bf7c407c2cedff20999df2af8eb42d56 -> 
  custom:audio-encoder-webm-vorbis: bf7c407c2cedff20999df2af8eb42d56 -> 
AssetImportWorkerClient::OnTransportError - code=2 error=End of file
